{"level":"info","message":"🚀 Worker para a fila \"flashcardGeneration\" a iniciar...","service":"recall-api","timestamp":"2025-08-25 15:12:46"}
{"level":"info","message":"🚀 Worker para a fila \"flashcardGeneration\" a iniciar...","service":"recall-api","timestamp":"2025-08-25 15:15:42"}
{"level":"error","message":"Error creating deck for user 6c43ec04-487a-438e-a847-39778f978f43: new row violates row-level security policy for table \"decks\"","service":"recall-api","timestamp":"2025-08-25 15:20:24"}
{"level":"error","message":"Error creating deck for user 6c43ec04-487a-438e-a847-39778f978f43: new row violates row-level security policy for table \"decks\"","service":"recall-api","timestamp":"2025-08-25 15:21:34"}
{"level":"error","message":"Error creating deck for user 6c43ec04-487a-438e-a847-39778f978f43: new row violates row-level security policy for table \"decks\"","service":"recall-api","timestamp":"2025-08-25 15:23:25"}
{"level":"info","message":"🚀 Worker para a fila \"flashcardGeneration\" a iniciar...","service":"recall-api","timestamp":"2025-08-25 15:23:40"}
{"level":"error","message":"Error creating deck for user 6c43ec04-487a-438e-a847-39778f978f43: new row violates row-level security policy for table \"decks\"","service":"recall-api","timestamp":"2025-08-25 15:23:52"}
{"level":"info","message":"🚀 Worker para a fila \"flashcardGeneration\" a iniciar...","service":"recall-api","timestamp":"2025-08-25 15:26:34"}
{"level":"info","message":"A processar tarefa 1 para o baralho 9a21a36b-bde4-4d7b-b918-29eec3bc3530","service":"recall-api","timestamp":"2025-08-25 15:27:56"}
{"level":"error","message":"Tarefa 1 falhou para o baralho 9a21a36b-bde4-4d7b-b918-29eec3bc3530: Serviço de IA falhou ao gerar flashcards.","service":"recall-api","timestamp":"2025-08-25 15:27:58"}
{"level":"error","message":"Tarefa 1 falhou com o erro: Serviço de IA falhou ao gerar flashcards.","service":"recall-api","timestamp":"2025-08-25 15:27:58"}
{"level":"info","message":"🚀 Worker para a fila \"flashcardGeneration\" a iniciar...","service":"recall-api","timestamp":"2025-08-25 15:32:44"}
{"level":"info","message":"A processar tarefa 2 para o baralho 9a21a36b-bde4-4d7b-b918-29eec3bc3530","service":"recall-api","timestamp":"2025-08-25 15:33:10"}
{"level":"error","message":"Tarefa 2 falhou para o baralho 9a21a36b-bde4-4d7b-b918-29eec3bc3530: Serviço de IA falhou ao gerar flashcards.","service":"recall-api","timestamp":"2025-08-25 15:33:10"}
{"level":"error","message":"Tarefa 2 falhou com o erro: Serviço de IA falhou ao gerar flashcards.","service":"recall-api","timestamp":"2025-08-25 15:33:10"}
{"level":"info","message":"🚀 Worker para a fila \"flashcardGeneration\" a iniciar...","service":"recall-api","timestamp":"2025-08-25 15:34:58"}
{"level":"info","message":"A processar tarefa 3 para o baralho 9a21a36b-bde4-4d7b-b918-29eec3bc3530","service":"recall-api","timestamp":"2025-08-25 15:35:27"}
{"level":"error","message":"Tarefa 3 falhou para o baralho 9a21a36b-bde4-4d7b-b918-29eec3bc3530: Serviço de IA falhou ao gerar flashcards.","service":"recall-api","timestamp":"2025-08-25 15:35:31"}
{"level":"error","message":"Tarefa 3 falhou com o erro: Serviço de IA falhou ao gerar flashcards.","service":"recall-api","timestamp":"2025-08-25 15:35:31"}
{"level":"info","message":"🚀 Worker para a fila \"flashcardGeneration\" a iniciar...","service":"recall-api","timestamp":"2025-08-25 15:36:58"}
{"level":"info","message":"A processar tarefa 4 para o baralho 9a21a36b-bde4-4d7b-b918-29eec3bc3530","service":"recall-api","timestamp":"2025-08-25 15:37:16"}
{"level":"info","message":"Tarefa 4 concluída com sucesso. 5 flashcards guardados.","service":"recall-api","timestamp":"2025-08-25 15:37:20"}
{"level":"info","message":"🚀 Worker para a fila \"flashcardGeneration\" a iniciar...","service":"recall-api","timestamp":"2025-08-26 21:09:53"}
{"level":"info","message":"🚀 Worker para a fila \"flashcardGeneration\" a iniciar...","service":"recall-api","timestamp":"2025-08-26 21:11:27"}
